<?xml version="1.0" encoding="UTF-8"?>
<!-- Generated by org.testng.reporters.JUnitReportReporter -->
<testsuite hostname="SJO-WSBL0501" name="tests.AdminsTests" tests="1" failures="0" timestamp="16 Jun 2017 22:08:27 GMT" time="14.128" errors="1">
  <testcase name="agregarAdmin_ACAN_14" time="14.128" classname="tests.AdminsTests"/>
</testsuite> <!-- tests.AdminsTests -->
