<?xml version="1.0" encoding="UTF-8"?>
<!-- Generated by org.testng.reporters.JUnitReportReporter -->
<testsuite hostname="SJO-WSBL0501" name="tests.DogsTests" tests="1" failures="0" timestamp="16 Jun 2017 22:27:50 GMT" time="14.190" errors="1">
  <testcase name="agregarPerro_ACAN_37" time="14.190" classname="tests.DogsTests"/>
</testsuite> <!-- tests.DogsTests -->
