<?xml version="1.0" encoding="UTF-8"?>
<!-- Generated by org.testng.reporters.JUnitReportReporter -->
<testsuite hostname="SJO-WSBL0501" name="tests.OwnersTests" tests="2" failures="0" timestamp="16 Jun 2017 22:08:27 GMT" time="35.451" errors="2">
  <testcase name="verifyTypeSearchBar_ACAN_94" time="24.936" classname="tests.OwnersTests"/>
  <testcase name="addOwner_ACAN_42" time="10.515" classname="tests.OwnersTests"/>
</testsuite> <!-- tests.OwnersTests -->
