<?xml version="1.0" encoding="UTF-8"?>
<!-- Generated by org.testng.reporters.JUnitReportReporter -->
<testsuite hostname="SJO-WSBL0501" name="tests.LoginTests" tests="4" failures="0" timestamp="16 Jun 2017 22:08:27 GMT" time="38.410" errors="0">
  <testcase name="validSignIn_ACAN_2_" time="11.732" classname="tests.LoginTests"/>
  <testcase name="forgotPasswordNotRegisteredEmail_ACAN_198" time="8.604" classname="tests.LoginTests"/>
  <testcase name="forgotPasswordRegisteredEmail_ACAN_27" time="8.793" classname="tests.LoginTests"/>
  <testcase name="noValidSignIn_ACAN_4_" time="9.281" classname="tests.LoginTests"/>
</testsuite> <!-- tests.LoginTests -->
